Jul-05 11:58:29.470 [main] DEBUG nextflow.cli.Launcher - $> nextflow run main.nf -params-file params.yaml -profile docker --ncells 2 --clusters 2 --nsamples 5
Jul-05 11:58:29.504 [main] INFO  nextflow.cli.CmdRun - N E X T F L O W  ~  version 23.10.1
Jul-05 11:58:29.517 [main] DEBUG nextflow.plugin.PluginsFacade - Setting up plugin manager > mode=prod; embedded=false; plugins-dir=/Users/edoardogiuili/.nextflow/plugins; core-plugins: nf-amazon@2.1.4,nf-azure@1.3.3,nf-cloudcache@0.3.0,nf-codecommit@0.1.5,nf-console@1.0.6,nf-ga4gh@1.1.0,nf-google@1.8.3,nf-tower@1.6.3,nf-wave@1.0.1
Jul-05 11:58:29.521 [main] INFO  o.pf4j.DefaultPluginStatusProvider - Enabled plugins: []
Jul-05 11:58:29.522 [main] INFO  o.pf4j.DefaultPluginStatusProvider - Disabled plugins: []
Jul-05 11:58:29.523 [main] INFO  org.pf4j.DefaultPluginManager - PF4J version 3.4.1 in 'deployment' mode
Jul-05 11:58:29.532 [main] INFO  org.pf4j.AbstractPluginManager - No plugins
Jul-05 11:58:29.540 [main] DEBUG nextflow.config.ConfigBuilder - Found config local: /Users/edoardogiuili/Library/CloudStorage/OneDrive-UGent/Projects/Maisa_deconv_benchmark/DNAmDeconv/nextflow.config
Jul-05 11:58:29.540 [main] DEBUG nextflow.config.ConfigBuilder - Parsing config file: /Users/edoardogiuili/Library/CloudStorage/OneDrive-UGent/Projects/Maisa_deconv_benchmark/DNAmDeconv/nextflow.config
Jul-05 11:58:29.574 [main] DEBUG nextflow.config.ConfigBuilder - Applying config profile: `docker`
Jul-05 11:58:29.968 [main] DEBUG nextflow.config.ConfigBuilder - Available config profiles: [gitpod, debug, shifter, mamba, charliecloud, apptainer, conda, singularity, arm, docker, podman]
Jul-05 11:58:29.985 [main] DEBUG nextflow.cli.CmdRun - Applied DSL=2 by global default
Jul-05 11:58:29.995 [main] INFO  nextflow.cli.CmdRun - Launching `main.nf` [scruffy_bhabha] DSL2 - revision: 02b67f8d07
Jul-05 11:58:29.995 [main] DEBUG nextflow.plugin.PluginsFacade - Plugins default=[]
Jul-05 11:58:29.995 [main] DEBUG nextflow.plugin.PluginsFacade - Plugins resolved requirement=[]
Jul-05 11:58:30.001 [main] DEBUG n.secret.LocalSecretsProvider - Secrets store: /Users/edoardogiuili/.nextflow/secrets/store.json
Jul-05 11:58:30.003 [main] DEBUG nextflow.secret.SecretsLoader - Discovered secrets providers: [nextflow.secret.LocalSecretsProvider@47f04e4d] - activable => nextflow.secret.LocalSecretsProvider@47f04e4d
Jul-05 11:58:30.044 [main] DEBUG nextflow.Session - Session UUID: 0466011b-65fd-4140-9a1b-e55a36fa9ee0
Jul-05 11:58:30.044 [main] DEBUG nextflow.Session - Run name: scruffy_bhabha
Jul-05 11:58:30.044 [main] DEBUG nextflow.Session - Executor pool size: 8
Jul-05 11:58:30.048 [main] DEBUG nextflow.file.FilePorter - File porter settings maxRetries=3; maxTransfers=50; pollTimeout=null
Jul-05 11:58:30.050 [main] DEBUG nextflow.util.ThreadPoolBuilder - Creating thread pool 'FileTransfer' minSize=10; maxSize=24; workQueue=LinkedBlockingQueue[10000]; allowCoreThreadTimeout=false
Jul-05 11:58:30.099 [main] DEBUG nextflow.cli.CmdRun - 
  Version: 23.10.1 build 5891
  Created: 12-01-2024 22:01 UTC (23:01 CEST)
  System: Mac OS X 14.4.1
  Runtime: Groovy 3.0.19 on OpenJDK 64-Bit Server VM 17.0.10+7
  Encoding: UTF-8 (UTF-8)
  Process: 75354@Edoardos-MacBook-Air.local [127.0.0.1]
  CPUs: 8 - Mem: 16 GB (74.1 MB) - Swap: 5 GB (1.3 GB)
Jul-05 11:58:30.107 [main] DEBUG nextflow.Session - Work-dir: /Users/edoardogiuili/Library/CloudStorage/OneDrive-UGent/Projects/Maisa_deconv_benchmark/DNAmDeconv/work [Mac OS X]
Jul-05 11:58:30.107 [main] DEBUG nextflow.Session - Script base path does not exist or is not a directory: /Users/edoardogiuili/Library/CloudStorage/OneDrive-UGent/Projects/Maisa_deconv_benchmark/DNAmDeconv/bin
Jul-05 11:58:30.112 [main] DEBUG nextflow.executor.ExecutorFactory - Extension executors providers=[]
Jul-05 11:58:30.116 [main] DEBUG nextflow.Session - Observer factory: DefaultObserverFactory
Jul-05 11:58:30.138 [main] DEBUG nextflow.cache.CacheFactory - Using Nextflow cache factory: nextflow.cache.DefaultCacheFactory
Jul-05 11:58:30.143 [main] DEBUG nextflow.util.CustomThreadPool - Creating default thread pool > poolSize: 9; maxThreads: 1000
Jul-05 11:58:30.183 [main] DEBUG nextflow.Session - Session start
Jul-05 11:58:30.185 [main] DEBUG nextflow.trace.TraceFileObserver - Workflow started -- trace file: /Users/edoardogiuili/Library/CloudStorage/OneDrive-UGent/Projects/Maisa_deconv_benchmark/DNAmDeconv/results/pipeline_info/execution_trace_20240705-115829.txt
Jul-05 11:58:30.278 [main] DEBUG nextflow.script.ScriptRunner - > Launching execution
Jul-05 11:58:30.282 [main] INFO  nextflow.Nextflow - 
    ================================================================================================    

                                                                                                            
 ____   _____  ____  ___   _   _ __     __  ____   _____  _   _   ____  _   _  __  __     _     ____   _  __
|  _ \ | ____|/ ___|/ _ \ | \ | |\ \   / / | __ ) | ____|| \ | | / ___|| | | ||  \/  |   / \   |  _ \ | |/ /
| | | ||  _| | |   | | | ||  \| | \ \ / /  |  _ \ |  _|  |  \| || |    | |_| || |\/| |  / _ \  | |_) || ' / 
| |_| || |___| |___| |_| || |\  |  \ V /   | |_) || |___ | |\  || |___ |  _  || |  | | / ___ \ |  _ < | . \ 
|____/ |_____|\____|\___/ |_| \_|   \_/    |____/ |_____||_| \_| \____||_| |_||_|  |_|/_/   \_\|_| \_\|_|\_\
                                                                                                            

    ================================================================================================

    POSITIONAL PARAMETERS:
        - input                         : ./resources/reference.csv
        - output_dir                    : ./results
        - regions_file                  : ./resources/RRBS_regions20-200.bed
        - test_samples                  : ./resources/test.csv

    OPTIONAL PARAMETERS:
        - min_counts                    : 10
        - min_cpgs                      : 3
        - merging_approach              : intersect
        - chunk_size                    : 100
        - ncores                        : null   // still need to include it in the modules so not working now
        - adjp                          : 0.001
        - adj_method                    : BH
        - collapse_method               : mean
        - direction                     : None
        - top                           : None
        - refree_min_cpgs               : 3
        - refree_min_counts             : 10

    EPIDISH PARAMETERS:
        - mod                           : RPC
    
    MethylResolver PARAMETERS:
        - alpha                         : 0.5
    
    EpiSCORE PARAMETERS:
        - weight                        : 0.4
    
    PRMeth PARAMETERS:
        - ncells                        : 2
        - prmeth_mod                    : QP

    MeDeCom PARAMETERS:
        - clusters                      : 2
        - ninit                         : 10
        - nfold                         : 10
        - itermax                       : 300
        - ncores                        : null // not yet implemented

    CelFiE PARAMETERS:
        - nsamples                      : 5    // to be optimized (now it needs to be specified by the user but parametrization possible)
        - celfie_maxiter                : 1000
        - unknown                       : 0
        - parall_job                    : 1
        - converg                       : 0.0001
        - celfie_randrest               : 10
    ==============================================================================================
    
Jul-05 11:58:30.638 [main] DEBUG nextflow.executor.ExecutorFactory - << taskConfig executor: null
Jul-05 11:58:30.639 [main] DEBUG nextflow.executor.ExecutorFactory - >> processorType: 'local'
Jul-05 11:58:30.641 [main] DEBUG nextflow.executor.Executor - [warm up] executor > local
Jul-05 11:58:30.643 [main] DEBUG n.processor.LocalPollingMonitor - Creating local task monitor for executor 'local' > cpus=8; memory=16 GB; capacity=8; pollInterval=100ms; dumpInterval=5m
Jul-05 11:58:30.644 [main] DEBUG n.processor.TaskPollingMonitor - >>> barrier register (monitor: local)
Jul-05 11:58:30.679 [main] DEBUG nextflow.executor.ExecutorFactory - << taskConfig executor: null
Jul-05 11:58:30.679 [main] DEBUG nextflow.executor.ExecutorFactory - >> processorType: 'local'
Jul-05 11:58:30.681 [main] DEBUG nextflow.executor.ExecutorFactory - << taskConfig executor: null
Jul-05 11:58:30.681 [main] DEBUG nextflow.executor.ExecutorFactory - >> processorType: 'local'
Jul-05 11:58:30.683 [main] DEBUG nextflow.executor.ExecutorFactory - << taskConfig executor: null
Jul-05 11:58:30.683 [main] DEBUG nextflow.executor.ExecutorFactory - >> processorType: 'local'
Jul-05 11:58:30.684 [main] DEBUG nextflow.executor.ExecutorFactory - << taskConfig executor: null
Jul-05 11:58:30.684 [main] DEBUG nextflow.executor.ExecutorFactory - >> processorType: 'local'
Jul-05 11:58:30.686 [main] DEBUG nextflow.executor.ExecutorFactory - << taskConfig executor: null
Jul-05 11:58:30.686 [main] DEBUG nextflow.executor.ExecutorFactory - >> processorType: 'local'
Jul-05 11:58:30.688 [main] DEBUG nextflow.executor.ExecutorFactory - << taskConfig executor: null
Jul-05 11:58:30.688 [main] DEBUG nextflow.executor.ExecutorFactory - >> processorType: 'local'
Jul-05 11:58:30.690 [main] DEBUG nextflow.executor.ExecutorFactory - << taskConfig executor: null
Jul-05 11:58:30.690 [main] DEBUG nextflow.executor.ExecutorFactory - >> processorType: 'local'
Jul-05 11:58:30.692 [main] DEBUG nextflow.executor.ExecutorFactory - << taskConfig executor: null
Jul-05 11:58:30.692 [main] DEBUG nextflow.executor.ExecutorFactory - >> processorType: 'local'
Jul-05 11:58:30.694 [main] DEBUG nextflow.executor.ExecutorFactory - << taskConfig executor: null
Jul-05 11:58:30.694 [main] DEBUG nextflow.executor.ExecutorFactory - >> processorType: 'local'
Jul-05 11:58:30.695 [main] DEBUG nextflow.executor.ExecutorFactory - << taskConfig executor: null
Jul-05 11:58:30.695 [main] DEBUG nextflow.executor.ExecutorFactory - >> processorType: 'local'
Jul-05 11:58:30.696 [main] DEBUG nextflow.executor.ExecutorFactory - << taskConfig executor: null
Jul-05 11:58:30.696 [main] DEBUG nextflow.executor.ExecutorFactory - >> processorType: 'local'
Jul-05 11:58:30.697 [main] DEBUG nextflow.executor.ExecutorFactory - << taskConfig executor: null
Jul-05 11:58:30.697 [main] DEBUG nextflow.executor.ExecutorFactory - >> processorType: 'local'
Jul-05 11:58:30.698 [main] DEBUG nextflow.Session - Config process names validation disabled as requested
Jul-05 11:58:30.698 [main] DEBUG nextflow.Session - Igniting dataflow network (16)
Jul-05 11:58:30.702 [main] DEBUG nextflow.processor.TaskProcessor - Starting process > PREPROCESSING
Jul-05 11:58:30.702 [main] DEBUG nextflow.processor.TaskProcessor - Starting process > DMR_ANALYSIS
Jul-05 11:58:30.702 [main] DEBUG nextflow.processor.TaskProcessor - Starting process > TEST_PREPROCESSING
Jul-05 11:58:30.703 [main] DEBUG nextflow.processor.TaskProcessor - Starting process > REFREE_PREPROCESSING
Jul-05 11:58:30.703 [main] DEBUG nextflow.processor.TaskProcessor - Starting process > METHYL_ATLAS
Jul-05 11:58:30.703 [main] DEBUG nextflow.processor.TaskProcessor - Starting process > CIBERSORT
Jul-05 11:58:30.703 [main] DEBUG nextflow.processor.TaskProcessor - Starting process > EPIDISH
Jul-05 11:58:30.703 [main] DEBUG nextflow.processor.TaskProcessor - Starting process > METHYL_RESOLVER
Jul-05 11:58:30.703 [main] DEBUG nextflow.processor.TaskProcessor - Starting process > EPISCORE
Jul-05 11:58:30.703 [main] DEBUG nextflow.processor.TaskProcessor - Starting process > PRMETH
Jul-05 11:58:30.703 [main] DEBUG nextflow.processor.TaskProcessor - Starting process > MEDECOM
Jul-05 11:58:30.704 [main] DEBUG nextflow.processor.TaskProcessor - Starting process > CELFIE:MERGE_TABLES
Jul-05 11:58:30.704 [main] DEBUG nextflow.processor.TaskProcessor - Starting process > CELFIE:RUN_DECONV
Jul-05 11:58:30.704 [main] DEBUG nextflow.script.ScriptRunner - Parsed script files:
  Script_2e51c15890df8d31: /Users/edoardogiuili/Library/CloudStorage/OneDrive-UGent/Projects/Maisa_deconv_benchmark/DNAmDeconv/./modules/refree_preprocessing/main.nf
  Script_11289d9b62b5b28e: /Users/edoardogiuili/Library/CloudStorage/OneDrive-UGent/Projects/Maisa_deconv_benchmark/DNAmDeconv/./modules/prmeth/main.nf
  Script_4698a1dad804c8a4: /Users/edoardogiuili/Library/CloudStorage/OneDrive-UGent/Projects/Maisa_deconv_benchmark/DNAmDeconv/./modules/preprocessing/main.nf
  Script_0fdf0cb6fd5994cd: /Users/edoardogiuili/Library/CloudStorage/OneDrive-UGent/Projects/Maisa_deconv_benchmark/DNAmDeconv/./modules/medecom/main.nf
  Script_2b76f4a45d55f773: /Users/edoardogiuili/Library/CloudStorage/OneDrive-UGent/Projects/Maisa_deconv_benchmark/DNAmDeconv/./modules/celfie/main.nf
  Script_25256dba66cfae50: /Users/edoardogiuili/Library/CloudStorage/OneDrive-UGent/Projects/Maisa_deconv_benchmark/DNAmDeconv/./modules/methyl_resolver/main.nf
  Script_0b4ff3eac9004ca5: /Users/edoardogiuili/Library/CloudStorage/OneDrive-UGent/Projects/Maisa_deconv_benchmark/DNAmDeconv/./modules/test_preprocessing/main.nf
  Script_1d3f85c33b1c957c: /Users/edoardogiuili/Library/CloudStorage/OneDrive-UGent/Projects/Maisa_deconv_benchmark/DNAmDeconv/./modules/epidish/main.nf
  Script_d5cb7a9e927d6fd1: /Users/edoardogiuili/Library/CloudStorage/OneDrive-UGent/Projects/Maisa_deconv_benchmark/DNAmDeconv/./modules/dmr_analysis/main.nf
  Script_afa196ff109aabdf: /Users/edoardogiuili/Library/CloudStorage/OneDrive-UGent/Projects/Maisa_deconv_benchmark/DNAmDeconv/./modules/episcore/main.nf
  Script_60e4204c022190fb: /Users/edoardogiuili/Library/CloudStorage/OneDrive-UGent/Projects/Maisa_deconv_benchmark/DNAmDeconv/./modules/cibersort/main.nf
  Script_30aa0912f545ebca: /Users/edoardogiuili/Library/CloudStorage/OneDrive-UGent/Projects/Maisa_deconv_benchmark/DNAmDeconv/./modules/methyl_atlas/main.nf
  Script_9c3284630e993d5e: /Users/edoardogiuili/Library/CloudStorage/OneDrive-UGent/Projects/Maisa_deconv_benchmark/DNAmDeconv/main.nf
Jul-05 11:58:30.704 [main] DEBUG nextflow.script.ScriptRunner - > Awaiting termination 
Jul-05 11:58:30.704 [main] DEBUG nextflow.Session - Session await
Jul-05 11:58:30.776 [Task submitter] DEBUG n.executor.local.LocalTaskHandler - Launch cmd line: /bin/bash -ue .command.run
Jul-05 11:58:30.778 [Task submitter] INFO  nextflow.Session - [ef/67be3b] Submitted process > REFREE_PREPROCESSING (1)
Jul-05 11:58:30.782 [Task submitter] DEBUG n.executor.local.LocalTaskHandler - Launch cmd line: /bin/bash -ue .command.run
Jul-05 11:58:30.782 [Task submitter] INFO  nextflow.Session - [7d/ff80e5] Submitted process > PREPROCESSING (1)
Jul-05 12:02:51.487 [Task monitor] DEBUG n.processor.TaskPollingMonitor - Task completed > TaskHandler[id: 1; name: PREPROCESSING (1); status: COMPLETED; exit: 0; error: -; workDir: /Users/edoardogiuili/Library/CloudStorage/OneDrive-UGent/Projects/Maisa_deconv_benchmark/DNAmDeconv/work/7d/ff80e52bd5b45c5d5e6b0dbbf0ff12]
Jul-05 12:02:51.535 [Task monitor] DEBUG nextflow.util.ThreadPoolBuilder - Creating thread pool 'PublishDir' minSize=10; maxSize=24; workQueue=LinkedBlockingQueue[10000]; allowCoreThreadTimeout=false
Jul-05 12:02:51.619 [Task submitter] DEBUG n.executor.local.LocalTaskHandler - Launch cmd line: /bin/bash -ue .command.run
Jul-05 12:02:51.619 [Task submitter] INFO  nextflow.Session - [19/cd446c] Submitted process > DMR_ANALYSIS (1)
Jul-05 12:03:00.837 [Task monitor] DEBUG n.processor.TaskPollingMonitor - Task completed > TaskHandler[id: 3; name: DMR_ANALYSIS (1); status: COMPLETED; exit: 0; error: -; workDir: /Users/edoardogiuili/Library/CloudStorage/OneDrive-UGent/Projects/Maisa_deconv_benchmark/DNAmDeconv/work/19/cd446c12a3c3f74ec3c5334ce45a1b]
Jul-05 12:03:00.887 [Task submitter] DEBUG n.executor.local.LocalTaskHandler - Launch cmd line: /bin/bash -ue .command.run
Jul-05 12:03:00.887 [Task submitter] INFO  nextflow.Session - [c9/17d698] Submitted process > TEST_PREPROCESSING (1)
Jul-05 12:03:15.843 [Task monitor] DEBUG n.processor.TaskPollingMonitor - Task completed > TaskHandler[id: 2; name: REFREE_PREPROCESSING (1); status: COMPLETED; exit: 0; error: -; workDir: /Users/edoardogiuili/Library/CloudStorage/OneDrive-UGent/Projects/Maisa_deconv_benchmark/DNAmDeconv/work/ef/67be3b1b61e78958cd6c6b3b2cac20]
Jul-05 12:03:15.920 [Task submitter] DEBUG n.executor.local.LocalTaskHandler - Launch cmd line: /bin/bash -ue .command.run
Jul-05 12:03:15.920 [Task submitter] INFO  nextflow.Session - [6e/bfdde9] Submitted process > PRMETH (1)
Jul-05 12:03:15.926 [Task submitter] DEBUG n.executor.local.LocalTaskHandler - Launch cmd line: /bin/bash -ue .command.run
Jul-05 12:03:15.926 [Task submitter] INFO  nextflow.Session - [9c/d6dc4f] Submitted process > MEDECOM (1)
Jul-05 12:03:27.837 [Task monitor] DEBUG n.processor.TaskPollingMonitor - Task completed > TaskHandler[id: 6; name: PRMETH (1); status: COMPLETED; exit: 0; error: -; workDir: /Users/edoardogiuili/Library/CloudStorage/OneDrive-UGent/Projects/Maisa_deconv_benchmark/DNAmDeconv/work/6e/bfdde99a708210d9be43d4bae823b6]
Jul-05 12:03:30.852 [Task monitor] DEBUG n.processor.TaskPollingMonitor - !! executor local > tasks to be completed: 2 -- submitted tasks are shown below
~> TaskHandler[id: 4; name: TEST_PREPROCESSING (1); status: RUNNING; exit: -; error: -; workDir: /Users/edoardogiuili/Library/CloudStorage/OneDrive-UGent/Projects/Maisa_deconv_benchmark/DNAmDeconv/work/c9/17d698f2cb064b57977274228f0a1b]
~> TaskHandler[id: 5; name: MEDECOM (1); status: RUNNING; exit: -; error: -; workDir: /Users/edoardogiuili/Library/CloudStorage/OneDrive-UGent/Projects/Maisa_deconv_benchmark/DNAmDeconv/work/9c/d6dc4f387b51410bb38c61177741fd]
Jul-05 12:05:58.490 [Task monitor] DEBUG n.processor.TaskPollingMonitor - Task completed > TaskHandler[id: 5; name: MEDECOM (1); status: COMPLETED; exit: 0; error: -; workDir: /Users/edoardogiuili/Library/CloudStorage/OneDrive-UGent/Projects/Maisa_deconv_benchmark/DNAmDeconv/work/9c/d6dc4f387b51410bb38c61177741fd]
Jul-05 12:06:42.392 [Task monitor] DEBUG n.processor.TaskPollingMonitor - Task completed > TaskHandler[id: 4; name: TEST_PREPROCESSING (1); status: COMPLETED; exit: 0; error: -; workDir: /Users/edoardogiuili/Library/CloudStorage/OneDrive-UGent/Projects/Maisa_deconv_benchmark/DNAmDeconv/work/c9/17d698f2cb064b57977274228f0a1b]
Jul-05 12:06:42.419 [Task submitter] DEBUG n.executor.local.LocalTaskHandler - Launch cmd line: /bin/bash -ue .command.run
Jul-05 12:06:42.420 [Task submitter] INFO  nextflow.Session - [1c/8af709] Submitted process > CIBERSORT (1)
Jul-05 12:06:42.424 [Task submitter] DEBUG n.executor.local.LocalTaskHandler - Launch cmd line: /bin/bash -ue .command.run
Jul-05 12:06:42.425 [Task submitter] INFO  nextflow.Session - [88/df8382] Submitted process > CELFIE:MERGE_TABLES (1)
Jul-05 12:06:42.430 [Task submitter] DEBUG n.executor.local.LocalTaskHandler - Launch cmd line: /bin/bash -ue .command.run
Jul-05 12:06:42.430 [Task submitter] INFO  nextflow.Session - [ed/16ead0] Submitted process > METHYL_ATLAS (1)
Jul-05 12:06:42.433 [Task submitter] DEBUG n.executor.local.LocalTaskHandler - Launch cmd line: /bin/bash -ue .command.run
Jul-05 12:06:42.433 [Task submitter] INFO  nextflow.Session - [1f/75bcae] Submitted process > METHYL_RESOLVER (1)
Jul-05 12:06:42.445 [Task submitter] DEBUG n.executor.local.LocalTaskHandler - Launch cmd line: /bin/bash -ue .command.run
Jul-05 12:06:42.445 [Task submitter] INFO  nextflow.Session - [18/9833f0] Submitted process > EPISCORE (1)
Jul-05 12:06:42.451 [Task submitter] DEBUG n.executor.local.LocalTaskHandler - Launch cmd line: /bin/bash -ue .command.run
Jul-05 12:06:42.452 [Task submitter] INFO  nextflow.Session - [4b/baaf25] Submitted process > EPIDISH (1)
Jul-05 12:06:44.708 [Task monitor] DEBUG n.processor.TaskPollingMonitor - Task completed > TaskHandler[id: 7; name: CELFIE:MERGE_TABLES (1); status: COMPLETED; exit: 0; error: -; workDir: /Users/edoardogiuili/Library/CloudStorage/OneDrive-UGent/Projects/Maisa_deconv_benchmark/DNAmDeconv/work/88/df83821d7e74319a897a2b42ac37da]
Jul-05 12:06:44.756 [Task submitter] DEBUG n.executor.local.LocalTaskHandler - Launch cmd line: /bin/bash -ue .command.run
Jul-05 12:06:44.757 [Task submitter] INFO  nextflow.Session - [db/0173e2] Submitted process > CELFIE:RUN_DECONV (1)
Jul-05 12:06:46.216 [Task monitor] DEBUG n.processor.TaskPollingMonitor - Task completed > TaskHandler[id: 12; name: CIBERSORT (1); status: COMPLETED; exit: 0; error: -; workDir: /Users/edoardogiuili/Library/CloudStorage/OneDrive-UGent/Projects/Maisa_deconv_benchmark/DNAmDeconv/work/1c/8af709b60ceebd96e333905e2c2565]
Jul-05 12:06:46.357 [Task monitor] DEBUG n.processor.TaskPollingMonitor - Task completed > TaskHandler[id: 9; name: METHYL_ATLAS (1); status: COMPLETED; exit: 0; error: -; workDir: /Users/edoardogiuili/Library/CloudStorage/OneDrive-UGent/Projects/Maisa_deconv_benchmark/DNAmDeconv/work/ed/16ead00847f48bf546c812794dc246]
Jul-05 12:06:46.538 [Task monitor] DEBUG n.processor.TaskPollingMonitor - Task completed > TaskHandler[id: 8; name: EPIDISH (1); status: COMPLETED; exit: 0; error: -; workDir: /Users/edoardogiuili/Library/CloudStorage/OneDrive-UGent/Projects/Maisa_deconv_benchmark/DNAmDeconv/work/4b/baaf2597d95e080e046cd5f4a2267f]
Jul-05 12:06:46.542 [Task monitor] DEBUG n.processor.TaskPollingMonitor - Task completed > TaskHandler[id: 10; name: METHYL_RESOLVER (1); status: COMPLETED; exit: 0; error: -; workDir: /Users/edoardogiuili/Library/CloudStorage/OneDrive-UGent/Projects/Maisa_deconv_benchmark/DNAmDeconv/work/1f/75bcaed8b004a5a3c8be764a2a9b8f]
Jul-05 12:06:46.663 [Task monitor] DEBUG n.processor.TaskPollingMonitor - Task completed > TaskHandler[id: 13; name: CELFIE:RUN_DECONV (1); status: COMPLETED; exit: 0; error: -; workDir: /Users/edoardogiuili/Library/CloudStorage/OneDrive-UGent/Projects/Maisa_deconv_benchmark/DNAmDeconv/work/db/0173e2ac7f58bbddd8c15806df6f26]
Jul-05 12:06:48.327 [Task monitor] DEBUG n.processor.TaskPollingMonitor - Task completed > TaskHandler[id: 11; name: EPISCORE (1); status: COMPLETED; exit: 0; error: -; workDir: /Users/edoardogiuili/Library/CloudStorage/OneDrive-UGent/Projects/Maisa_deconv_benchmark/DNAmDeconv/work/18/9833f060dad2dacbf93b1e29e6aaaf]
Jul-05 12:06:48.329 [main] DEBUG nextflow.Session - Session await > all processes finished
Jul-05 12:06:48.330 [Task monitor] DEBUG n.processor.TaskPollingMonitor - <<< barrier arrives (monitor: local) - terminating tasks monitor poll loop
Jul-05 12:06:48.330 [main] DEBUG nextflow.Session - Session await > all barriers passed
Jul-05 12:06:48.333 [main] DEBUG nextflow.util.ThreadPoolManager - Thread pool 'PublishDir' shutdown completed (hard=false)
Jul-05 12:06:48.338 [main] DEBUG n.trace.WorkflowStatsObserver - Workflow completed > WorkflowStats[succeededCount=13; failedCount=0; ignoredCount=0; cachedCount=0; pendingCount=0; submittedCount=0; runningCount=0; retriesCount=0; abortedCount=0; succeedDuration=16m 3s; failedDuration=0ms; cachedDuration=0ms;loadCpus=0; loadMemory=0; peakRunning=6; peakCpus=6; peakMemory=0; ]
Jul-05 12:06:48.339 [main] DEBUG nextflow.trace.TraceFileObserver - Workflow completed -- saving trace file
Jul-05 12:06:48.340 [main] DEBUG nextflow.trace.ReportObserver - Workflow completed -- rendering execution report
Jul-05 12:06:49.175 [main] DEBUG nextflow.trace.TimelineObserver - Workflow completed -- rendering execution timeline
Jul-05 12:06:49.282 [main] DEBUG nextflow.cache.CacheDB - Closing CacheDB done
Jul-05 12:06:49.292 [main] DEBUG nextflow.util.ThreadPoolManager - Thread pool 'FileTransfer' shutdown completed (hard=false)
Jul-05 12:06:49.293 [main] DEBUG nextflow.script.ScriptRunner - > Execution complete -- Goodbye
