
Using the following parameters for the filtering of .cov files:
    - Minimum number of reads per CpG:  3
    - Filter adopted for CpGs clustering:  intersect 

Using the following parameters for the filtering of regions:
    - Minimum number of CpGs per region:  10 


-> Starting preprocessing of the coverage files...

Number of CpGs in  20M_mix_Bmap_CLBGA_0_rep1  before filtering out:  3821109
Number of CpGs in  20M_mix_Bmap_CLBGA_0_rep1  after filtering out:  2339636 ( 61.2 %)

Number of CpGs in  20M_mix_Bmap_CLBGA_10_rep1  before filtering out:  3908263
Number of CpGs in  20M_mix_Bmap_CLBGA_10_rep1  after filtering out:  2352733 ( 60.2 %)

Number of CpGs in  20M_mix_Bmap_CLBGA_25_rep1  before filtering out:  3998475
Number of CpGs in  20M_mix_Bmap_CLBGA_25_rep1  after filtering out:  2365136 ( 59.2 %)

Number of CpGs in  20M_mix_Bmap_CLBGA_50_rep1  before filtering out:  4068312
Number of CpGs in  20M_mix_Bmap_CLBGA_50_rep1  after filtering out:  2365650 ( 58.1 %)

Number of CpGs in  20M_mix_Bmap_CLBGA_100_rep1  before filtering out:  3921551
Number of CpGs in  20M_mix_Bmap_CLBGA_100_rep1  after filtering out:  2289267 ( 58.4 %)


-> Starting clustering the single CpGs...
Starting chromosome 1!
Chromosome 1 completed!

Starting chromosome 10!
Chromosome 10 completed!

Starting chromosome 11!
Chromosome 11 completed!

Starting chromosome 12!
Chromosome 12 completed!

Starting chromosome 13!
Chromosome 13 completed!

Starting chromosome 14!
Chromosome 14 completed!

Starting chromosome 15!
Chromosome 15 completed!

Starting chromosome 16!
Chromosome 16 completed!

Starting chromosome 17!
Chromosome 17 completed!

Starting chromosome 18!
Chromosome 18 completed!

Starting chromosome 19!
Chromosome 19 completed!

Starting chromosome 2!
Chromosome 2 completed!

Starting chromosome 20!
Chromosome 20 completed!

Starting chromosome 21!
Chromosome 21 completed!

Starting chromosome 22!
Chromosome 22 completed!

Starting chromosome 3!
Chromosome 3 completed!

Starting chromosome 4!
Chromosome 4 completed!

Starting chromosome 5!
Chromosome 5 completed!

Starting chromosome 6!
Chromosome 6 completed!

Starting chromosome 7!
Chromosome 7 completed!

Starting chromosome 8!
Chromosome 8 completed!

Starting chromosome 9!
Chromosome 9 completed!

Starting chromosome X!
Chromosome X completed!

Starting chromosome Y!
Chromosome Y completed!

-> Saving 56529 regions...

-> Preprocessing completed successfully!
