
1) Reading the region file...
                nbl1.V nbl0.V healthy0.V healthy1.V nbl2.V healthy2.V
1:10497-10588   0.9684 0.9721     0.9381     0.8413 0.9462     0.9024
1:714254-714299 0.0162 0.0241     0.0032     0.0000 0.0252     0.0000
1:805411-805466 0.0250 0.0189     0.0000     0.0000 0.0133     0.0000
1:805467-805521 0.0337 0.0638     0.0819     0.1027 0.0333     0.1630
1:838295-838370 0.9744 0.9247     0.8854     0.9394 0.9792     1.0000
1:840279-840318 0.0343 0.0084     0.0000     0.0000 0.0333     0.0125

2) Defining groups for comparison...

Group levels created: 
[1] "healthy" "nbl"    

3) Fitting the linear model...

4) Apply empirical Bayes moderation using the following contrasts: 
         Contrasts
Levels    healthy-nbl
  healthy           1
  nbl              -1

5) Extracting the results for each contrast...

   - Multiple testing correction method: BH
   - Adjusted p-value threshold: 0.001
   - Collapsing method: mean
   - Direction used: None
   - Top DMRs retained: None

------> Significant DMRs finally retained: 332 <------

6) Saving results from DMR analysis...