
Using the following parameters for the filtering of .cov files:
    - Minimum number of reads per CpG:  3
    - Filter adopted for CpGs clustering:  intersect 

Using the following parameters for the filtering of regions:
    - Minimum number of CpGs per region:  10 


-> Starting preprocessing of the coverage files...

Number of CpGs in  DNA097385  before filtering out:  3008648
Number of CpGs in  DNA097385  after filtering out:  1967192 ( 65.4 %)

Number of CpGs in  DNA097389  before filtering out:  3528077
Number of CpGs in  DNA097389  after filtering out:  2239845 ( 63.5 %)

Number of CpGs in  DNA097393  before filtering out:  3078206
Number of CpGs in  DNA097393  after filtering out:  1997789 ( 64.9 %)

Number of CpGs in  DNA041087  before filtering out:  5060882
Number of CpGs in  DNA041087  after filtering out:  3187568 ( 63.0 %)

Number of CpGs in  DNA044133  before filtering out:  4570812
Number of CpGs in  DNA044133  after filtering out:  3093506 ( 67.7 %)

Number of CpGs in  DNA044134  before filtering out:  4532702
Number of CpGs in  DNA044134  after filtering out:  3013654 ( 66.5 %)


-> Starting clustering the single CpGs...
Starting chromosome 1!
Chromosome 1 completed!

Starting chromosome 10!
Chromosome 10 completed!

Starting chromosome 11!
Chromosome 11 completed!

Starting chromosome 12!
Chromosome 12 completed!

Starting chromosome 13!
Chromosome 13 completed!

Starting chromosome 14!
Chromosome 14 completed!

Starting chromosome 15!
Chromosome 15 completed!

Starting chromosome 16!
Chromosome 16 completed!

Starting chromosome 17!
Chromosome 17 completed!

Starting chromosome 18!
Chromosome 18 completed!

Starting chromosome 19!
Chromosome 19 completed!

Starting chromosome 2!
Chromosome 2 completed!

Starting chromosome 20!
Chromosome 20 completed!

Starting chromosome 21!
Chromosome 21 completed!

Starting chromosome 22!
Chromosome 22 completed!

Starting chromosome 3!
Chromosome 3 completed!

Starting chromosome 4!
Chromosome 4 completed!

Starting chromosome 5!
Chromosome 5 completed!

Starting chromosome 6!
Chromosome 6 completed!

Starting chromosome 7!
Chromosome 7 completed!

Starting chromosome 8!
Chromosome 8 completed!

Starting chromosome 9!
Chromosome 9 completed!

Starting chromosome X!
Chromosome X completed!

Starting chromosome Y!
Chromosome Y completed!

-> Saving 40271 regions...

-> Preprocessing completed successfully!
